Content-Type: text/plain; charset="utf-8"
MIME-Version: 1.0
Content-Transfer-Encoding: 8bit
Subject: Password reset on 127.0.0.1:8000
From: webmaster@localhost
To: relliott47@gatech.edu
Date: Fri, 28 Jun 2024 18:35:51 -0000
Message-ID: 
 <171959975110.32000.2373381158263535156@RyanE_VT_Laptop.gt.atl.ga.us>


You're receiving this email because you requested a password reset for your user account at 127.0.0.1:8000.

Please go to the following page and choose a new password:

http://127.0.0.1:8000/accounts/reset/Mg/c9c5vr-69876a75640f871dbcf2ed985ecac991/

Your username, in case you’ve forgotten: rellio47

Thanks for using our site!

The 127.0.0.1:8000 team



-------------------------------------------------------------------------------
Content-Type: text/plain; charset="utf-8"
MIME-Version: 1.0
Content-Transfer-Encoding: 8bit
Subject: Password reset on 127.0.0.1:8000
From: webmaster@localhost
To: relliott47@gatech.edu
Date: Fri, 28 Jun 2024 18:35:51 -0000
Message-ID: 
 <171959975111.32000.18318247637117536895@RyanE_VT_Laptop.gt.atl.ga.us>


You're receiving this email because you requested a password reset for your user account at 127.0.0.1:8000.

Please go to the following page and choose a new password:

http://127.0.0.1:8000/accounts/reset/Mw/c9c5vr-e187f2b697d3234c8b12c3444c64e656/

Your username, in case you’ve forgotten: bob123

Thanks for using our site!

The 127.0.0.1:8000 team



-------------------------------------------------------------------------------
